<?xml version="1.0" encoding="UTF-8"?>
<!-- Generated by org.testng.reporters.JUnitXMLReporter -->
<testsuite ignored="0" hostname="LAPTOP-556U1AQS" failures="1" tests="1" name="bankTest" time="12.385" errors="0" timestamp="09 Oct 2020 07:46:30 GMT">
  <testcase classname="com.banking.testCases.LoginTest" name="test_login" time="2.984">
    <failure type="junit.framework.AssertionFailedError">
      <![CDATA[junit.framework.AssertionFailedError
at junit.framework.Assert.fail(Assert.java:47)
at junit.framework.Assert.assertTrue(Assert.java:20)
at junit.framework.Assert.assertTrue(Assert.java:27)
at com.banking.testCases.LoginTest.test_login(LoginTest.java:33)
... Removed 25 stack frames]]>
    </failure>
  </testcase> <!-- test_login -->
</testsuite> <!-- bankTest -->
